<?xml version="1.0" encoding="UTF-8"?>
<testsuite name="PythagoreanTripletTest" tests="9" skipped="0" failures="0" errors="0" timestamp="2024-05-24T14:09:21" hostname="PIYUSH-PC" time="48.461">
  <properties/>
  <testcase name="tripletsWhoseSumIs840WithFactorsLessThanOrEqualTo370()" classname="PythagoreanTripletTest" time="0.236"/>
  <testcase name="tripletsWhoseSumIs1000()" classname="PythagoreanTripletTest" time="0.034"/>
  <testcase name="tripletsWhoseSumIs1001()" classname="PythagoreanTripletTest" time="0.031"/>
  <testcase name="tripletsWhoseSumIs108()" classname="PythagoreanTripletTest" time="0.002"/>
  <testcase name="tripletsWhoseSumIs840()" classname="PythagoreanTripletTest" time="0.021"/>
  <testcase name="tripletsWhoseSumIs12()" classname="PythagoreanTripletTest" time="0.002"/>
  <testcase name="tripletsWhoseSumIs90()" classname="PythagoreanTripletTest" time="0.002"/>
  <testcase name="tripletsWhoseSumIs30000WithFactorsLessThanOrEqualTo12500()" classname="PythagoreanTripletTest" time="24.418"/>
  <testcase name="tripletsWhoseSumIs30000()" classname="PythagoreanTripletTest" time="23.696"/>
  <system-out><![CDATA[]]></system-out>
  <system-err><![CDATA[]]></system-err>
</testsuite>
